#
# There is insufficient memory for the Java Runtime Environment to continue.
# Native memory allocation (malloc) failed to allocate 1237296 bytes for Chunk::new
# Possible reasons:
#   The system is out of physical RAM or swap space
#   The process is running with CompressedOops enabled, and the Java Heap may be blocking the growth of the native heap
# Possible solutions:
#   Reduce memory load on the system
#   Increase physical memory or swap space
#   Check if swap backing store is full
#   Decrease Java heap size (-Xmx/-Xms)
#   Decrease number of Java threads
#   Decrease Java thread stack sizes (-Xss)
#   Set larger code cache with -XX:ReservedCodeCacheSize=
#   JVM is running with Unscaled Compressed Oops mode in which the Java heap is
#     placed in the first 4GB address space. The Java Heap base address is the
#     maximum limit for the native heap growth. Please use -XX:HeapBaseMinAddress
#     to set the Java Heap base and to place the Java Heap above 4GB virtual address.
# This output file may be truncated or incomplete.
#
#  Out of Memory Error (allocation.cpp:389), pid=21236, tid=0x000000000000456c
#
# JRE version: Java(TM) SE Runtime Environment (8.0_261-b12) (build 1.8.0_261-b12)
# Java VM: Java HotSpot(TM) 64-Bit Server VM (25.261-b12 mixed mode windows-amd64 compressed oops)
# Failed to write core dump. Minidumps are not enabled by default on client versions of Windows
#

---------------  T H R E A D  ---------------

Current thread (0x000002515e509000):  JavaThread "C2 CompilerThread1" daemon [_thread_in_native, id=17772, stack(0x000000bfd7c00000,0x000000bfd7d00000)]

Stack: [0x000000bfd7c00000,0x000000bfd7d00000]
Native frames: (J=compiled Java code, j=interpreted, Vv=VM code, C=native code)
V  [jvm.dll+0x33e5f9]
V  [jvm.dll+0x2850e2]
V  [jvm.dll+0x285d8d]
V  [jvm.dll+0x27c895]
V  [jvm.dll+0xe4d6c]
V  [jvm.dll+0xe556c]
V  [jvm.dll+0x461812]
V  [jvm.dll+0x49cc3d]
V  [jvm.dll+0x4518c1]
V  [jvm.dll+0x44eb84]
V  [jvm.dll+0x439bc7]
V  [jvm.dll+0xbbbcb]
V  [jvm.dll+0xba22b]
V  [jvm.dll+0x24d962]
V  [jvm.dll+0x2a1cfc]
C  [ucrtbase.dll+0x20e82]
C  [KERNEL32.DLL+0x17bd4]
C  [ntdll.dll+0x6ce51]


Current CompileTask:
C2:   8002 3066       4       org.springframework.core.annotation.TypeMappedAnnotations::get (52 bytes)


---------------  P R O C E S S  ---------------

Java Threads: ( => current thread )
  0x0000025162314800 JavaThread "task-1" [_thread_in_vm, id=16312, stack(0x000000bfd8300000,0x000000bfd8400000)]
  0x0000025160993800 JavaThread "container-0" [_thread_blocked, id=21372, stack(0x000000bfd8200000,0x000000bfd8300000)]
  0x0000025163049800 JavaThread "Catalina-utility-2" [_thread_blocked, id=17244, stack(0x000000bfd8100000,0x000000bfd8200000)]
  0x0000025162687000 JavaThread "Catalina-utility-1" [_thread_blocked, id=20044, stack(0x000000bfd8000000,0x000000bfd8100000)]
  0x000002515e586800 JavaThread "Service Thread" daemon [_thread_blocked, id=17876, stack(0x000000bfd7e00000,0x000000bfd7f00000)]
  0x000002515e515000 JavaThread "C1 CompilerThread2" daemon [_thread_blocked, id=13752, stack(0x000000bfd7d00000,0x000000bfd7e00000)]
=>0x000002515e509000 JavaThread "C2 CompilerThread1" daemon [_thread_in_native, id=17772, stack(0x000000bfd7c00000,0x000000bfd7d00000)]
  0x000002515e500000 JavaThread "C2 CompilerThread0" daemon [_thread_in_native, id=9296, stack(0x000000bfd7b00000,0x000000bfd7c00000)]
  0x000002515e4fe000 JavaThread "Attach Listener" daemon [_thread_blocked, id=18988, stack(0x000000bfd7a00000,0x000000bfd7b00000)]
  0x000002515e4fd000 JavaThread "Signal Dispatcher" daemon [_thread_blocked, id=4416, stack(0x000000bfd7900000,0x000000bfd7a00000)]
  0x000002515e4de800 JavaThread "Finalizer" daemon [_thread_blocked, id=6584, stack(0x000000bfd7800000,0x000000bfd7900000)]
  0x000002515e4b5000 JavaThread "Reference Handler" daemon [_thread_blocked, id=5852, stack(0x000000bfd7700000,0x000000bfd7800000)]
  0x0000025148734000 JavaThread "main" [_thread_in_vm, id=18996, stack(0x000000bfd7100000,0x000000bfd7200000)]

Other Threads:
  0x000002515e4b1800 VMThread [stack: 0x000000bfd7600000,0x000000bfd7700000] [id=21740]
  0x000002515e5b2800 WatcherThread [stack: 0x000000bfd7f00000,0x000000bfd8000000] [id=5336]

VM state:not at safepoint (normal execution)

VM Mutex/Monitor currently owned by a thread: None

heap address: 0x0000000091600000, size: 1770 MB, Compressed Oops mode: 32-bit
Narrow klass base: 0x0000000000000000, Narrow klass shift: 3
Compressed class space size: 1073741824 Address: 0x0000000100000000

Heap:
 PSYoungGen      total 122880K, used 39905K [0x00000000db200000, 0x00000000e3200000, 0x0000000100000000)
  eden space 114688K, 27% used [0x00000000db200000,0x00000000dd0fc680,0x00000000e2200000)
  from space 8192K, 99% used [0x00000000e2200000,0x00000000e29fbe98,0x00000000e2a00000)
  to   space 8192K, 0% used [0x00000000e2a00000,0x00000000e2a00000,0x00000000e3200000)
 ParOldGen       total 41984K, used 6562K [0x0000000091600000, 0x0000000093f00000, 0x00000000db200000)
  object space 41984K, 15% used [0x0000000091600000,0x0000000091c68b28,0x0000000093f00000)
 Metaspace       used 30854K, capacity 32680K, committed 32768K, reserved 1077248K
  class space    used 3954K, capacity 4278K, committed 4352K, reserved 1048576K

Card table byte_map: [0x0000025159410000,0x0000025159790000] byte_map_base: 0x0000025158f85000

Marking Bits: (ParMarkBitMap*) 0x000000006e6c4fb0
 Begin Bits: [0x00000251599e0000, 0x000002515b588000)
 End Bits:   [0x000002515b588000, 0x000002515d130000)

Polling page: 0x0000025148830000

CodeCache: size=245760Kb used=10291Kb max_used=10551Kb free=235468Kb
 bounds [0x000002514a050000, 0x000002514aab0000, 0x0000025159050000]
 total_blobs=3381 nmethods=2989 adapters=305
 compilation: enabled

Compilation events (10 events):
Event: 7.922 Thread 0x000002515e515000 3101       3       java.util.concurrent.ConcurrentHashMap$BaseIterator::<init> (21 bytes)
Event: 7.922 Thread 0x000002515e515000 nmethod 3101 0x000002514aa7dfd0 code [0x000002514aa7e140, 0x000002514aa7e3c0]
Event: 7.935 Thread 0x000002515e515000 3102   !   3       org.springframework.util.ReflectionUtils::getDeclaredFields (104 bytes)
Event: 7.939 Thread 0x000002515e515000 nmethod 3102 0x000002514aaa0f90 code [0x000002514aaa1320, 0x000002514aaa3160]
Event: 7.942 Thread 0x000002515e515000 3103       3       org.springframework.core.annotation.AnnotationsScanner::isOverride (38 bytes)
Event: 7.942 Thread 0x000002515e515000 nmethod 3103 0x000002514aa7d750 code [0x000002514aa7d8e0, 0x000002514aa7de60]
Event: 7.945 Thread 0x000002515e515000 3104       1       org.springframework.core.annotation.AnnotationTypeMapping$MirrorSets::size (6 bytes)
Event: 7.945 Thread 0x000002515e515000 nmethod 3104 0x000002514aa7d450 code [0x000002514aa7d5a0, 0x000002514aa7d6b8]
Event: 7.947 Thread 0x000002515e515000 3105       3       org.springframework.core.annotation.TypeMappedAnnotations::isPresent (39 bytes)
Event: 7.947 Thread 0x000002515e515000 nmethod 3105 0x000002514a1aabd0 code [0x000002514a1aad80, 0x000002514a1ab490]

GC Heap History (10 events):
Event: 2.802 GC heap before
{Heap before GC invocations=4 (full 0):
 PSYoungGen      total 33280K, used 33247K [0x00000000db200000, 0x00000000df300000, 0x0000000100000000)
  eden space 28672K, 99% used [0x00000000db200000,0x00000000dcdff570,0x00000000dce00000)
  from space 4608K, 99% used [0x00000000dce00000,0x00000000dd278948,0x00000000dd280000)
  to   space 4608K, 0% used [0x00000000dee80000,0x00000000dee80000,0x00000000df300000)
 ParOldGen       total 76800K, used 3192K [0x0000000091600000, 0x0000000096100000, 0x00000000db200000)
  object space 76800K, 4% used [0x0000000091600000,0x000000009191e128,0x0000000096100000)
 Metaspace       used 17994K, capacity 18682K, committed 18944K, reserved 1064960K
  class space    used 2273K, capacity 2445K, committed 2560K, reserved 1048576K
Event: 2.813 GC heap after
Heap after GC invocations=4 (full 0):
 PSYoungGen      total 61952K, used 4596K [0x00000000db200000, 0x00000000df300000, 0x0000000100000000)
  eden space 57344K, 0% used [0x00000000db200000,0x00000000db200000,0x00000000dea00000)
  from space 4608K, 99% used [0x00000000dee80000,0x00000000df2fd388,0x00000000df300000)
  to   space 4608K, 0% used [0x00000000dea00000,0x00000000dea00000,0x00000000dee80000)
 ParOldGen       total 76800K, used 3626K [0x0000000091600000, 0x0000000096100000, 0x00000000db200000)
  object space 76800K, 4% used [0x0000000091600000,0x000000009198ab50,0x0000000096100000)
 Metaspace       used 17994K, capacity 18682K, committed 18944K, reserved 1064960K
  class space    used 2273K, capacity 2445K, committed 2560K, reserved 1048576K
}
Event: 3.419 GC heap before
{Heap before GC invocations=5 (full 0):
 PSYoungGen      total 61952K, used 61940K [0x00000000db200000, 0x00000000df300000, 0x0000000100000000)
  eden space 57344K, 100% used [0x00000000db200000,0x00000000dea00000,0x00000000dea00000)
  from space 4608K, 99% used [0x00000000dee80000,0x00000000df2fd388,0x00000000df300000)
  to   space 4608K, 0% used [0x00000000dea00000,0x00000000dea00000,0x00000000dee80000)
 ParOldGen       total 76800K, used 3626K [0x0000000091600000, 0x0000000096100000, 0x00000000db200000)
  object space 76800K, 4% used [0x0000000091600000,0x000000009198ab50,0x0000000096100000)
 Metaspace       used 20240K, capacity 21012K, committed 21248K, reserved 1067008K
  class space    used 2519K, capacity 2696K, committed 2816K, reserved 1048576K
Event: 3.431 GC heap after
Heap after GC invocations=5 (full 0):
 PSYoungGen      total 61952K, used 4584K [0x00000000db200000, 0x00000000e3200000, 0x0000000100000000)
  eden space 57344K, 0% used [0x00000000db200000,0x00000000db200000,0x00000000dea00000)
  from space 4608K, 99% used [0x00000000dea00000,0x00000000dee7a308,0x00000000dee80000)
  to   space 8192K, 0% used [0x00000000e2a00000,0x00000000e2a00000,0x00000000e3200000)
 ParOldGen       total 76800K, used 6589K [0x0000000091600000, 0x0000000096100000, 0x00000000db200000)
  object space 76800K, 8% used [0x0000000091600000,0x0000000091c6f648,0x0000000096100000)
 Metaspace       used 20240K, capacity 21012K, committed 21248K, reserved 1067008K
  class space    used 2519K, capacity 2696K, committed 2816K, reserved 1048576K
}
Event: 3.450 GC heap before
{Heap before GC invocations=6 (full 0):
 PSYoungGen      total 61952K, used 6514K [0x00000000db200000, 0x00000000e3200000, 0x0000000100000000)
  eden space 57344K, 3% used [0x00000000db200000,0x00000000db3e2890,0x00000000dea00000)
  from space 4608K, 99% used [0x00000000dea00000,0x00000000dee7a308,0x00000000dee80000)
  to   space 8192K, 0% used [0x00000000e2a00000,0x00000000e2a00000,0x00000000e3200000)
 ParOldGen       total 76800K, used 6589K [0x0000000091600000, 0x0000000096100000, 0x00000000db200000)
  object space 76800K, 8% used [0x0000000091600000,0x0000000091c6f648,0x0000000096100000)
 Metaspace       used 20352K, capacity 21108K, committed 21248K, reserved 1067008K
  class space    used 2535K, capacity 2728K, committed 2816K, reserved 1048576K
Event: 3.460 GC heap after
Heap after GC invocations=6 (full 0):
 PSYoungGen      total 122880K, used 4824K [0x00000000db200000, 0x00000000e3200000, 0x0000000100000000)
  eden space 114688K, 0% used [0x00000000db200000,0x00000000db200000,0x00000000e2200000)
  from space 8192K, 58% used [0x00000000e2a00000,0x00000000e2eb6318,0x00000000e3200000)
  to   space 8192K, 0% used [0x00000000e2200000,0x00000000e2200000,0x00000000e2a00000)
 ParOldGen       total 76800K, used 6597K [0x0000000091600000, 0x0000000096100000, 0x00000000db200000)
  object space 76800K, 8% used [0x0000000091600000,0x0000000091c71648,0x0000000096100000)
 Metaspace       used 20352K, capacity 21108K, committed 21248K, reserved 1067008K
  class space    used 2535K, capacity 2728K, committed 2816K, reserved 1048576K
}
Event: 3.460 GC heap before
{Heap before GC invocations=7 (full 1):
 PSYoungGen      total 122880K, used 4824K [0x00000000db200000, 0x00000000e3200000, 0x0000000100000000)
  eden space 114688K, 0% used [0x00000000db200000,0x00000000db200000,0x00000000e2200000)
  from space 8192K, 58% used [0x00000000e2a00000,0x00000000e2eb6318,0x00000000e3200000)
  to   space 8192K, 0% used [0x00000000e2200000,0x00000000e2200000,0x00000000e2a00000)
 ParOldGen       total 76800K, used 6597K [0x0000000091600000, 0x0000000096100000, 0x00000000db200000)
  object space 76800K, 8% used [0x0000000091600000,0x0000000091c71648,0x0000000096100000)
 Metaspace       used 20352K, capacity 21108K, committed 21248K, reserved 1067008K
  class space    used 2535K, capacity 2728K, committed 2816K, reserved 1048576K
Event: 3.499 GC heap after
Heap after GC invocations=7 (full 1):
 PSYoungGen      total 122880K, used 0K [0x00000000db200000, 0x00000000e3200000, 0x0000000100000000)
  eden space 114688K, 0% used [0x00000000db200000,0x00000000db200000,0x00000000e2200000)
  from space 8192K, 0% used [0x00000000e2a00000,0x00000000e2a00000,0x00000000e3200000)
  to   space 8192K, 0% used [0x00000000e2200000,0x00000000e2200000,0x00000000e2a00000)
 ParOldGen       total 41984K, used 5291K [0x0000000091600000, 0x0000000093f00000, 0x00000000db200000)
  object space 41984K, 12% used [0x0000000091600000,0x0000000091b2af60,0x0000000093f00000)
 Metaspace       used 20352K, capacity 21108K, committed 21248K, reserved 1067008K
  class space    used 2535K, capacity 2728K, committed 2816K, reserved 1048576K
}
Event: 7.123 GC heap before
{Heap before GC invocations=8 (full 1):
 PSYoungGen      total 122880K, used 114688K [0x00000000db200000, 0x00000000e3200000, 0x0000000100000000)
  eden space 114688K, 100% used [0x00000000db200000,0x00000000e2200000,0x00000000e2200000)
  from space 8192K, 0% used [0x00000000e2a00000,0x00000000e2a00000,0x00000000e3200000)
  to   space 8192K, 0% used [0x00000000e2200000,0x00000000e2200000,0x00000000e2a00000)
 ParOldGen       total 41984K, used 5291K [0x0000000091600000, 0x0000000093f00000, 0x00000000db200000)
  object space 41984K, 12% used [0x0000000091600000,0x0000000091b2af60,0x0000000093f00000)
 Metaspace       used 27862K, capacity 29494K, committed 29824K, reserved 1075200K
  class space    used 3568K, capacity 3869K, committed 3968K, reserved 1048576K
Event: 7.143 GC heap after
Heap after GC invocations=8 (full 1):
 PSYoungGen      total 122880K, used 8175K [0x00000000db200000, 0x00000000e3200000, 0x0000000100000000)
  eden space 114688K, 0% used [0x00000000db200000,0x00000000db200000,0x00000000e2200000)
  from space 8192K, 99% used [0x00000000e2200000,0x00000000e29fbe98,0x00000000e2a00000)
  to   space 8192K, 0% used [0x00000000e2a00000,0x00000000e2a00000,0x00000000e3200000)
 ParOldGen       total 41984K, used 6562K [0x0000000091600000, 0x0000000093f00000, 0x00000000db200000)
  object space 41984K, 15% used [0x0000000091600000,0x0000000091c68b28,0x0000000093f00000)
 Metaspace       used 27862K, capacity 29494K, committed 29824K, reserved 1075200K
  class space    used 3568K, capacity 3869K, committed 3968K, reserved 1048576K
}

Deoptimization events (10 events):
Event: 7.341 Thread 0x0000025148734000 Uncommon trap: reason=null_check action=make_not_entrant pc=0x000002514a74a958 method=org.springframework.util.ClassUtils.isAssignable(Ljava/lang/Class;Ljava/lang/Class;)Z @ 14
Event: 7.661 Thread 0x0000025148734000 Uncommon trap: reason=unstable_if action=reinterpret pc=0x000002514a20382c method=java.util.zip.ZipCoder.getBytes(Ljava/lang/String;)[B @ 32
Event: 7.661 Thread 0x0000025148734000 Uncommon trap: reason=unstable_if action=reinterpret pc=0x000002514a4115a4 method=java.util.zip.ZipCoder.getBytes(Ljava/lang/String;)[B @ 32
Event: 7.661 Thread 0x0000025148734000 Uncommon trap: reason=unstable_if action=reinterpret pc=0x000002514aa3707c method=java.net.URL.<init>(Ljava/net/URL;Ljava/lang/String;Ljava/net/URLStreamHandler;)V @ 57
Event: 7.661 Thread 0x0000025148734000 Uncommon trap: reason=unstable_if action=reinterpret pc=0x000002514a9c8744 method=java.net.URLStreamHandler.parseURL(Ljava/net/URL;Ljava/lang/String;II)V @ 57
Event: 7.716 Thread 0x0000025148734000 Uncommon trap: reason=class_check action=maybe_recompile pc=0x000002514a97af50 method=java.lang.reflect.Method.equals(Ljava/lang/Object;)Z @ 5
Event: 7.722 Thread 0x0000025148734000 Uncommon trap: reason=class_check action=maybe_recompile pc=0x000002514a94eef4 method=org.springframework.beans.factory.support.AbstractBeanFactory.isTypeMatch(Ljava/lang/String;Lorg/springframework/core/ResolvableType;Z)Z @ 53
Event: 7.722 Thread 0x0000025148734000 Uncommon trap: reason=class_check action=maybe_recompile pc=0x000002514a94eef4 method=org.springframework.beans.factory.support.AbstractBeanFactory.isTypeMatch(Ljava/lang/String;Lorg/springframework/core/ResolvableType;Z)Z @ 53
Event: 7.729 Thread 0x0000025148734000 Uncommon trap: reason=class_check action=maybe_recompile pc=0x000002514a94eef4 method=org.springframework.beans.factory.support.AbstractBeanFactory.isTypeMatch(Ljava/lang/String;Lorg/springframework/core/ResolvableType;Z)Z @ 53
Event: 7.752 Thread 0x0000025148734000 Uncommon trap: reason=class_check action=maybe_recompile pc=0x000002514a94eef4 method=org.springframework.beans.factory.support.AbstractBeanFactory.isTypeMatch(Ljava/lang/String;Lorg/springframework/core/ResolvableType;Z)Z @ 53

Classes redefined (0 events):
No events

Internal exceptions (10 events):
Event: 7.818 Thread 0x0000025148734000 Exception <a 'java/lang/ClassNotFoundException': java/lang/ObjectCustomizer> (0x00000000dc8616e0) thrown at [C:\jenkins\workspace\8-2-build-windows-amd64-cygwin\jdk8u261\295\hotspot\src\share\vm\classfile\systemDictionary.cpp, line 210]
Event: 7.819 Thread 0x0000025148734000 Exception <a 'java/lang/ClassNotFoundException': org/springframework/web/servlet/config/annotation/WebMvcConfigurationSupportCustomizer> (0x00000000dc87e9b0) thrown at [C:\jenkins\workspace\8-2-build-windows-amd64-cygwin\jdk8u261\295\hotspot\src\share\vm\
Event: 7.821 Thread 0x0000025148734000 Exception <a 'java/lang/ClassNotFoundException': org/springframework/web/servlet/config/annotation/DelegatingWebMvcConfigurationCustomizer> (0x00000000dc8ad870) thrown at [C:\jenkins\workspace\8-2-build-windows-amd64-cygwin\jdk8u261\295\hotspot\src\share\
Event: 7.823 Thread 0x0000025148734000 Exception <a 'java/lang/ClassNotFoundException': org/springframework/boot/autoconfigure/web/servlet/WebMvcAutoConfiguration$EnableWebMvcConfigurationCustomizer> (0x00000000dc8d16d0) thrown at [C:\jenkins\workspace\8-2-build-windows-amd64-cygwin\jdk8u261\2
Event: 7.826 Thread 0x0000025148734000 Exception <a 'java/lang/ClassNotFoundException': org/springframework/context/ResourceLoaderAwareCustomizer> (0x00000000dc8f5578) thrown at [C:\jenkins\workspace\8-2-build-windows-amd64-cygwin\jdk8u261\295\hotspot\src\share\vm\classfile\systemDictionary.cp
Event: 7.828 Thread 0x0000025148734000 Exception <a 'java/lang/ClassNotFoundException': org/springframework/beans/factory/AwareCustomizer> (0x00000000dc907050) thrown at [C:\jenkins\workspace\8-2-build-windows-amd64-cygwin\jdk8u261\295\hotspot\src\share\vm\classfile\systemDictionary.cpp, line 
Event: 7.829 Thread 0x0000025148734000 Exception <a 'java/lang/ClassNotFoundException': org/springframework/context/ApplicationContextAwareCustomizer> (0x00000000dc91a970) thrown at [C:\jenkins\workspace\8-2-build-windows-amd64-cygwin\jdk8u261\295\hotspot\src\share\vm\classfile\systemDictionar
Event: 7.831 Thread 0x0000025148734000 Exception <a 'java/lang/ClassNotFoundException': org/springframework/beans/factory/AwareCustomizer> (0x00000000dc92ca50) thrown at [C:\jenkins\workspace\8-2-build-windows-amd64-cygwin\jdk8u261\295\hotspot\src\share\vm\classfile\systemDictionary.cpp, line 
Event: 7.831 Thread 0x0000025148734000 Exception <a 'java/lang/ClassNotFoundException': org/springframework/web/context/ServletContextAwareCustomizer> (0x00000000dc940300) thrown at [C:\jenkins\workspace\8-2-build-windows-amd64-cygwin\jdk8u261\295\hotspot\src\share\vm\classfile\systemDictionar
Event: 7.832 Thread 0x0000025148734000 Exception <a 'java/lang/ClassNotFoundException': org/springframework/beans/factory/AwareCustomizer> (0x00000000dc951e50) thrown at [C:\jenkins\workspace\8-2-build-windows-amd64-cygwin\jdk8u261\295\hotspot\src\share\vm\classfile\systemDictionary.cpp, line 

Events (10 events):
Event: 7.960 loading class org/springframework/http/MediaType done
Event: 7.960 loading class org/springframework/http/MediaType
Event: 7.960 loading class org/springframework/http/MediaType done
Event: 7.960 loading class org/hibernate/boot/model/naming/ImplicitNamingStrategyLegacyJpaImpl
Event: 7.960 loading class org/hibernate/boot/model/naming/ImplicitNamingStrategyLegacyJpaImpl done
Event: 7.960 loading class java/util/ArrayList$ListItr
Event: 7.961 loading class org/hibernate/boot/model/naming/ImplicitNamingStrategyLegacyHbmImpl
Event: 7.961 loading class org/hibernate/boot/model/naming/ImplicitNamingStrategyLegacyHbmImpl done
Event: 7.961 loading class java/util/ArrayList$ListItr done
Event: 7.961 Executing VM operation: Deoptimize


Dynamic libraries:
0x00007ff7b6230000 - 0x00007ff7b6277000 	C:\Program Files\Java\jre1.8.0_261\bin\javaw.exe
0x00007ff83d1c0000 - 0x00007ff83d3b0000 	C:\WINDOWS\SYSTEM32\ntdll.dll
0x00007ff828ee0000 - 0x00007ff828ef2000 	C:\Program Files\AVAST Software\Avast\aswhook.dll
0x00007ff83d0c0000 - 0x00007ff83d172000 	C:\WINDOWS\System32\KERNEL32.DLL
0x00007ff83af20000 - 0x00007ff83b1c4000 	C:\WINDOWS\System32\KERNELBASE.dll
0x00007ff83b270000 - 0x00007ff83b313000 	C:\WINDOWS\System32\ADVAPI32.dll
0x00007ff83c880000 - 0x00007ff83c91e000 	C:\WINDOWS\System32\msvcrt.dll
0x00007ff83c040000 - 0x00007ff83c0d7000 	C:\WINDOWS\System32\sechost.dll
0x00007ff83c0e0000 - 0x00007ff83c200000 	C:\WINDOWS\System32\RPCRT4.dll
0x00007ff83b5e0000 - 0x00007ff83b775000 	C:\WINDOWS\System32\USER32.dll
0x00007ff83aa80000 - 0x00007ff83aaa1000 	C:\WINDOWS\System32\win32u.dll
0x00007ff83c2d0000 - 0x00007ff83c2f6000 	C:\WINDOWS\System32\GDI32.dll
0x00007ff83ad00000 - 0x00007ff83ae96000 	C:\WINDOWS\System32\gdi32full.dll
0x00007ff83b1d0000 - 0x00007ff83b26e000 	C:\WINDOWS\System32\msvcp_win.dll
0x00007ff83a980000 - 0x00007ff83aa7a000 	C:\WINDOWS\System32\ucrtbase.dll
0x00007ff82c510000 - 0x00007ff82c794000 	C:\WINDOWS\WinSxS\amd64_microsoft.windows.common-controls_6595b64144ccf1df_6.0.18362.1016_none_9e7a36bbe461dae4\COMCTL32.dll
0x00007ff83c300000 - 0x00007ff83c635000 	C:\WINDOWS\System32\combase.dll
0x00007ff83aae0000 - 0x00007ff83ab60000 	C:\WINDOWS\System32\bcryptPrimitives.dll
0x00007ff83c830000 - 0x00007ff83c85e000 	C:\WINDOWS\System32\IMM32.DLL
0x00007ff833d30000 - 0x00007ff833d45000 	C:\Program Files\Java\jre1.8.0_261\bin\vcruntime140.dll
0x00007ff825320000 - 0x00007ff8253bb000 	C:\Program Files\Java\jre1.8.0_261\bin\msvcp140.dll
0x000000006ded0000 - 0x000000006e73c000 	C:\Program Files\Java\jre1.8.0_261\bin\server\jvm.dll
0x00007ff83c860000 - 0x00007ff83c868000 	C:\WINDOWS\System32\PSAPI.DLL
0x00007ff82a900000 - 0x00007ff82a909000 	C:\WINDOWS\SYSTEM32\WSOCK32.dll
0x00007ff83c7c0000 - 0x00007ff83c82f000 	C:\WINDOWS\System32\WS2_32.dll
0x00007ff838000000 - 0x00007ff838024000 	C:\WINDOWS\SYSTEM32\WINMM.dll
0x00007ff833810000 - 0x00007ff83381a000 	C:\WINDOWS\SYSTEM32\VERSION.dll
0x00007ff837b80000 - 0x00007ff837bad000 	C:\WINDOWS\SYSTEM32\WINMMBASE.dll
0x00007ff83acb0000 - 0x00007ff83acfa000 	C:\WINDOWS\System32\cfgmgr32.dll
0x00007ff83a080000 - 0x00007ff83a091000 	C:\WINDOWS\System32\kernel.appcore.dll
0x00007ff836980000 - 0x00007ff836990000 	C:\Program Files\Java\jre1.8.0_261\bin\verify.dll
0x00007ff833b80000 - 0x00007ff833bab000 	C:\Program Files\Java\jre1.8.0_261\bin\java.dll
0x00007ff833f60000 - 0x00007ff833f78000 	C:\Program Files\Java\jre1.8.0_261\bin\zip.dll
0x00007ff83b950000 - 0x00007ff83c037000 	C:\WINDOWS\System32\SHELL32.dll
0x00007ff83c640000 - 0x00007ff83c6e9000 	C:\WINDOWS\System32\shcore.dll
0x00007ff83a1f0000 - 0x00007ff83a972000 	C:\WINDOWS\System32\windows.storage.dll
0x00007ff83a0c0000 - 0x00007ff83a0e3000 	C:\WINDOWS\System32\profapi.dll
0x00007ff83a0f0000 - 0x00007ff83a13a000 	C:\WINDOWS\System32\powrprof.dll
0x00007ff83a070000 - 0x00007ff83a080000 	C:\WINDOWS\System32\UMPDC.dll
0x00007ff83c920000 - 0x00007ff83c972000 	C:\WINDOWS\System32\shlwapi.dll
0x00007ff83aea0000 - 0x00007ff83aeb7000 	C:\WINDOWS\System32\cryptsp.dll
0x00007ff836b30000 - 0x00007ff836b3d000 	C:\Program Files\Java\jre1.8.0_261\bin\management.dll
0x00007ff82b7b0000 - 0x00007ff82b7cc000 	C:\Program Files\Java\jre1.8.0_261\bin\net.dll
0x00007ff839870000 - 0x00007ff8398d7000 	C:\WINDOWS\system32\mswsock.dll
0x00007ff821b40000 - 0x00007ff821b56000 	C:\WINDOWS\system32\napinsp.dll
0x00007ff821b20000 - 0x00007ff821b3a000 	C:\WINDOWS\system32\pnrpnsp.dll
0x00007ff8395c0000 - 0x00007ff83968b000 	C:\WINDOWS\SYSTEM32\DNSAPI.dll
0x00007ff83b5d0000 - 0x00007ff83b5d8000 	C:\WINDOWS\System32\NSI.dll
0x00007ff839580000 - 0x00007ff8395ba000 	C:\WINDOWS\SYSTEM32\IPHLPAPI.DLL
0x00007ff821b10000 - 0x00007ff821b1e000 	C:\WINDOWS\System32\winrnr.dll
0x00007ff836890000 - 0x00007ff8368ac000 	C:\WINDOWS\system32\NLAapi.dll
0x00007ff821af0000 - 0x00007ff821b05000 	C:\WINDOWS\system32\wshbth.dll
0x00007ff82b480000 - 0x00007ff82b48a000 	C:\Windows\System32\rasadhlp.dll
0x00007ff82fae0000 - 0x00007ff82fb57000 	C:\WINDOWS\System32\fwpuclnt.dll
0x00007ff83aab0000 - 0x00007ff83aad6000 	C:\WINDOWS\System32\bcrypt.dll
0x00007ff82b790000 - 0x00007ff82b7a3000 	C:\Program Files\Java\jre1.8.0_261\bin\nio.dll
0x00007ff8393e0000 - 0x00007ff839413000 	C:\WINDOWS\system32\rsaenh.dll
0x00007ff839f90000 - 0x00007ff839fb5000 	C:\WINDOWS\SYSTEM32\USERENV.dll
0x00007ff839a40000 - 0x00007ff839a4c000 	C:\WINDOWS\SYSTEM32\CRYPTBASE.dll
0x00007ff830dd0000 - 0x00007ff830de6000 	C:\WINDOWS\SYSTEM32\dhcpcsvc6.DLL
0x00007ff830d90000 - 0x00007ff830dac000 	C:\WINDOWS\SYSTEM32\dhcpcsvc.DLL
0x00007ff8305f0000 - 0x00007ff8307e4000 	C:\WINDOWS\SYSTEM32\dbghelp.dll

VM Arguments:
jvm_args: -Dfile.encoding=UTF-8 
java_command: telran.ashkelon2020.PersonJpaApplication
java_class_path (initial): C:\Program Files\Java\jre1.8.0_261\lib\resources.jar;C:\Program Files\Java\jre1.8.0_261\lib\rt.jar;C:\Program Files\Java\jre1.8.0_261\lib\jsse.jar;C:\Program Files\Java\jre1.8.0_261\lib\jce.jar;C:\Program Files\Java\jre1.8.0_261\lib\charsets.jar;C:\Program Files\Java\jre1.8.0_261\lib\jfr.jar;C:\Program Files\Java\jre1.8.0_261\lib\ext\access-bridge-64.jar;C:\Program Files\Java\jre1.8.0_261\lib\ext\cldrdata.jar;C:\Program Files\Java\jre1.8.0_261\lib\ext\dnsns.jar;C:\Program Files\Java\jre1.8.0_261\lib\ext\jaccess.jar;C:\Program Files\Java\jre1.8.0_261\lib\ext\jfxrt.jar;C:\Program Files\Java\jre1.8.0_261\lib\ext\localedata.jar;C:\Program Files\Java\jre1.8.0_261\lib\ext\nashorn.jar;C:\Program Files\Java\jre1.8.0_261\lib\ext\sunec.jar;C:\Program Files\Java\jre1.8.0_261\lib\ext\sunjce_provider.jar;C:\Program Files\Java\jre1.8.0_261\lib\ext\sunmscapi.jar;C:\Program Files\Java\jre1.8.0_261\lib\ext\sunpkcs11.jar;C:\Program Files\Java\jre1.8.0_261\lib\ext\zipfs.jar;D:\Tel-ranJava\PersonJPA\target\classes;C:\Users\Grig\.m2\repository\org\modelmapper\modelmapper\2.3.8\modelmapper-2.3.8.jar;C:\Users\Grig\.m2\repository\org\springframework\boot\spring-boot-starter-data-jpa\2.3.3.RELEASE\spring-boot-starter-data-jpa-2.3.3.RELEASE.jar;C:\Users\Grig\.m2\repository\org\springframework\boot\spring-boot-starter-aop\2.3.3.RELEASE\spring-boot-starter-aop-2.3.3.RELEASE.jar;C:\Users\Grig\.m2\repository\org\springframework\spring-aop\5.2.8.RELEASE\spring-aop-5.2.8.RELEASE.jar;C:\Users\Grig\.m2\repository\org\aspectj\aspectjweaver\1.9.6\aspectjweaver-1.9.6.jar;C:\Users\Grig\.m2\repository\org\springframework\boot\spring-boot-starter-jdbc\2.3.3.RELEASE\spring-boot-starter-jdbc-2.3.3.RELEASE.jar;C:\Users\Grig\.m2\repository\com\zaxxer\HikariCP\3.4.5\HikariCP-3.4.5.jar;C:\Users\Grig\.m2\repository\org\springframework\spring-jdbc\5.2.8.RELEASE\spring-jdbc-5.2.8.RELEASE.jar;C:\Users\Grig\.m2\repository\jakarta\transaction\jakarta.transaction-api\1.3.3\jakarta.transact
Launcher Type: SUN_STANDARD

Environment Variables:
PATH=C:/Program Files/Java/jre1.8.0_261/bin/server;C:/Program Files/Java/jre1.8.0_261/bin;C:/Program Files/Java/jre1.8.0_261/lib/amd64;C:\Program Files (x86)\Common Files\Oracle\Java\javapath;C:\ProgramData\Oracle\Java\javapath;C:\WINDOWS\system32;C:\WINDOWS;C:\WINDOWS\System32\Wbem;C:\WINDOWS\System32\WindowsPowerShell\v1.0\;C:\WINDOWS\System32\OpenSSH\;C:\Program Files\MongoDB\Tools\100\bin;C:\Program Files\MongoDB\Server\4.4\bin;D:\Tel-ranMongoDB;C:\Users\Grig\AppData\Local\Microsoft\WindowsApps;;C:\Users\Grig\Desktop\eclipse;
USERNAME=Grig
OS=Windows_NT
PROCESSOR_IDENTIFIER=AMD64 Family 23 Model 17 Stepping 0, AuthenticAMD



---------------  S Y S T E M  ---------------

OS: Windows 10.0 , 64 bit Build 18362 (10.0.18362.959)

CPU:total 4 (initial active 4) (4 cores per cpu, 1 threads per core) family 23 model 17 stepping 0, cmov, cx8, fxsr, mmx, sse, sse2, sse3, ssse3, sse4.1, sse4.2, popcnt, avx, avx2, aes, clmul, mmxext, 3dnowpref, lzcnt, sse4a, tsc, tscinvbit, tscinv, bmi1

Memory: 4k page, physical 7244980k(799868k free), swap 15698696k(4192k free)

vm_info: Java HotSpot(TM) 64-Bit Server VM (25.261-b12) for windows-amd64 JRE (1.8.0_261-b12), built on Jun 18 2020 06:56:32 by "" with unknown MS VC++:1916

time: Sun Sep  6 13:57:04 2020
timezone: Ea?onaeeineia a?aiy (eaoi)
elapsed time: 8 seconds (0d 0h 0m 8s)

